<?xml version="1.0" encoding="UTF-8"?>
<!-- Generated by org.testng.reporters.JUnitXMLReporter -->
<testsuite ignored="0" hostname="Pranee" failures="4" tests="8" name="Surefire test" time="4.495" errors="0" timestamp="2024-08-07T09:18:30 PDT">
  <testcase classname="Tests.SpotifyOauth2" name="assertError" time="0.0">
    <failure type="org.testng.TestNGException" message="
Cannot inject @Test annotated Method [assertError] with [class com.spotify.oauth2.pojo.ErrorMain, class api.StatusCode].
For more information on native dependency injection please refer to https://testng.org/doc/documentation-main.html#native-dependency-injection">
      <![CDATA[org.testng.TestNGException: 
Cannot inject @Test annotated Method [assertError] with [class com.spotify.oauth2.pojo.ErrorMain, class api.StatusCode].
For more information on native dependency injection please refer to https://testng.org/doc/documentation-main.html#native-dependency-injection
at java.base/java.util.concurrent.ThreadPoolExecutor.runWorker(ThreadPoolExecutor.java:1136)
at java.base/java.util.concurrent.ThreadPoolExecutor$Worker.run(ThreadPoolExecutor.java:635)
at java.base/java.lang.Thread.run(Thread.java:842)
... Removed 11 stack frames]]>
    </failure>
  </testcase> <!-- assertError -->
  <testcase classname="Tests.SpotifyOauth2" name="assertPlayListEqual" time="0.0">
    <failure type="org.testng.TestNGException" message="
Cannot inject @Test annotated Method [assertPlayListEqual] with [class com.spotify.oauth2.pojo.Playlist, class com.spotify.oauth2.pojo.Playlist].
For more information on native dependency injection please refer to https://testng.org/doc/documentation-main.html#native-dependency-injection">
      <![CDATA[org.testng.TestNGException: 
Cannot inject @Test annotated Method [assertPlayListEqual] with [class com.spotify.oauth2.pojo.Playlist, class com.spotify.oauth2.pojo.Playlist].
For more information on native dependency injection please refer to https://testng.org/doc/documentation-main.html#native-dependency-injection
at java.base/java.util.concurrent.ThreadPoolExecutor.runWorker(ThreadPoolExecutor.java:1136)
at java.base/java.util.concurrent.ThreadPoolExecutor$Worker.run(ThreadPoolExecutor.java:635)
at java.base/java.lang.Thread.run(Thread.java:842)
... Removed 11 stack frames]]>
    </failure>
  </testcase> <!-- assertPlayListEqual -->
  <testcase classname="Tests.SpotifyOauth2" name="assertStatusCode" time="0.0">
    <failure type="org.testng.TestNGException" message="
Cannot inject @Test annotated Method [assertStatusCode] with [int, class api.StatusCode].
For more information on native dependency injection please refer to https://testng.org/doc/documentation-main.html#native-dependency-injection">
      <![CDATA[org.testng.TestNGException: 
Cannot inject @Test annotated Method [assertStatusCode] with [int, class api.StatusCode].
For more information on native dependency injection please refer to https://testng.org/doc/documentation-main.html#native-dependency-injection
at java.base/java.util.concurrent.ThreadPoolExecutor.runWorker(ThreadPoolExecutor.java:1136)
at java.base/java.util.concurrent.ThreadPoolExecutor$Worker.run(ThreadPoolExecutor.java:635)
at java.base/java.lang.Thread.run(Thread.java:842)
... Removed 11 stack frames]]>
    </failure>
  </testcase> <!-- assertStatusCode -->
  <testcase classname="Tests.SpotifyOauth2" name="shouldNotBeAbleToCreateAPlayListWith" time="3.163"/>
  <testcase classname="Tests.SpotifyOauth2" name="ShouldNotBeAbleTOCreateAPlaylistWithName" time="4.112"/>
  <testcase classname="Tests.SpotifyOauth2" name="shouldBeAbleToGetAPlaylist" time="4.181">
    <failure type="java.lang.AssertionError" message="
Expected: &amp;quot;Playlistrr5_Y  x -&amp;quot;
     but: was &amp;quot;PlaylistY0 kg_T_2d&amp;quot;">
      <![CDATA[java.lang.AssertionError: 
Expected: "Playlistrr5_Y  x -"
     but: was "PlaylistY0 kg_T_2d"
at org.hamcrest.MatcherAssert.assertThat(MatcherAssert.java:20)
at org.hamcrest.MatcherAssert.assertThat(MatcherAssert.java:6)
at Tests.SpotifyOauth2.assertPlayListEqual(SpotifyOauth2.java:69)
at Tests.SpotifyOauth2.shouldBeAbleToGetAPlaylist(SpotifyOauth2.java:113)
at java.base/java.util.concurrent.ThreadPoolExecutor.runWorker(ThreadPoolExecutor.java:1136)
at java.base/java.util.concurrent.ThreadPoolExecutor$Worker.run(ThreadPoolExecutor.java:635)
at java.base/java.lang.Thread.run(Thread.java:842)
... Removed 12 stack frames]]>
    </failure>
  </testcase> <!-- shouldBeAbleToGetAPlaylist -->
  <testcase classname="Tests.SpotifyOauth2" name="shouldBeAbleToUpdateAPlaylist" time="4.198"/>
  <testcase classname="Tests.SpotifyOauth2" name="shouldBeAbleToCreateAPlaylist" time="4.257"/>
</testsuite> <!-- Surefire test -->
