<?xml version="1.0" encoding="UTF-8"?>
<testng-results ignored="0" total="8" passed="4" failed="4" skipped="0">
  <reporter-output>
  </reporter-output>
  <suite started-at="2024-08-07T09:18:26 PDT" name="Surefire suite" finished-at="2024-08-07T09:18:30 PDT" duration-ms="4495">
    <groups>
    </groups>
    <test started-at="2024-08-07T09:18:26 PDT" name="Surefire test" finished-at="2024-08-07T09:18:30 PDT" duration-ms="4495">
      <class name="Tests.SpotifyOauth2">
        <test-method signature="assertError(com.spotify.oauth2.pojo.ErrorMain,api.StatusCode)[pri:0, instance:Tests.SpotifyOauth2@14ac77b9]" started-at="2024-08-07T09:18:26 PDT" name="assertError" finished-at="2024-08-07T09:18:26 PDT" duration-ms="0" status="FAIL">
          <exception class="org.testng.TestNGException">
            <message>
              <![CDATA[
Cannot inject @Test annotated Method [assertError] with [class com.spotify.oauth2.pojo.ErrorMain, class api.StatusCode].
For more information on native dependency injection please refer to https://testng.org/doc/documentation-main.html#native-dependency-injection]]>
            </message>
            <full-stacktrace>
              <![CDATA[org.testng.TestNGException: 
Cannot inject @Test annotated Method [assertError] with [class com.spotify.oauth2.pojo.ErrorMain, class api.StatusCode].
For more information on native dependency injection please refer to https://testng.org/doc/documentation-main.html#native-dependency-injection
at org.testng.internal.Parameters.checkParameterTypes(Parameters.java:436)
at org.testng.internal.Parameters.createParametersForMethod(Parameters.java:350)
at org.testng.internal.Parameters.createParameters(Parameters.java:693)
at org.testng.internal.Parameters.handleParameters(Parameters.java:879)
at org.testng.internal.Parameters.handleParameters(Parameters.java:728)
at org.testng.internal.invokers.ParameterHandler.handleParameters(ParameterHandler.java:72)
at org.testng.internal.invokers.ParameterHandler.createParameters(ParameterHandler.java:51)
at org.testng.internal.invokers.TestInvoker$MethodInvocationAgent.invoke(TestInvoker.java:924)
at org.testng.internal.invokers.TestInvoker.invokeTestMethods(TestInvoker.java:194)
at org.testng.internal.invokers.TestMethodWorker.invokeTestMethods(TestMethodWorker.java:148)
at org.testng.internal.invokers.TestMethodWorker.run(TestMethodWorker.java:128)
at java.base/java.util.concurrent.ThreadPoolExecutor.runWorker(ThreadPoolExecutor.java:1136)
at java.base/java.util.concurrent.ThreadPoolExecutor$Worker.run(ThreadPoolExecutor.java:635)
at java.base/java.lang.Thread.run(Thread.java:842)
]]>
            </full-stacktrace>
          </exception> <!-- org.testng.TestNGException -->
          <reporter-output>
          </reporter-output>
        </test-method> <!-- assertError -->
        <test-method signature="assertPlayListEqual(com.spotify.oauth2.pojo.Playlist,com.spotify.oauth2.pojo.Playlist)[pri:0, instance:Tests.SpotifyOauth2@14ac77b9]" started-at="2024-08-07T09:18:26 PDT" name="assertPlayListEqual" finished-at="2024-08-07T09:18:26 PDT" duration-ms="0" status="FAIL">
          <exception class="org.testng.TestNGException">
            <message>
              <![CDATA[
Cannot inject @Test annotated Method [assertPlayListEqual] with [class com.spotify.oauth2.pojo.Playlist, class com.spotify.oauth2.pojo.Playlist].
For more information on native dependency injection please refer to https://testng.org/doc/documentation-main.html#native-dependency-injection]]>
            </message>
            <full-stacktrace>
              <![CDATA[org.testng.TestNGException: 
Cannot inject @Test annotated Method [assertPlayListEqual] with [class com.spotify.oauth2.pojo.Playlist, class com.spotify.oauth2.pojo.Playlist].
For more information on native dependency injection please refer to https://testng.org/doc/documentation-main.html#native-dependency-injection
at org.testng.internal.Parameters.checkParameterTypes(Parameters.java:436)
at org.testng.internal.Parameters.createParametersForMethod(Parameters.java:350)
at org.testng.internal.Parameters.createParameters(Parameters.java:693)
at org.testng.internal.Parameters.handleParameters(Parameters.java:879)
at org.testng.internal.Parameters.handleParameters(Parameters.java:728)
at org.testng.internal.invokers.ParameterHandler.handleParameters(ParameterHandler.java:72)
at org.testng.internal.invokers.ParameterHandler.createParameters(ParameterHandler.java:51)
at org.testng.internal.invokers.TestInvoker$MethodInvocationAgent.invoke(TestInvoker.java:924)
at org.testng.internal.invokers.TestInvoker.invokeTestMethods(TestInvoker.java:194)
at org.testng.internal.invokers.TestMethodWorker.invokeTestMethods(TestMethodWorker.java:148)
at org.testng.internal.invokers.TestMethodWorker.run(TestMethodWorker.java:128)
at java.base/java.util.concurrent.ThreadPoolExecutor.runWorker(ThreadPoolExecutor.java:1136)
at java.base/java.util.concurrent.ThreadPoolExecutor$Worker.run(ThreadPoolExecutor.java:635)
at java.base/java.lang.Thread.run(Thread.java:842)
]]>
            </full-stacktrace>
          </exception> <!-- org.testng.TestNGException -->
          <reporter-output>
          </reporter-output>
        </test-method> <!-- assertPlayListEqual -->
        <test-method signature="assertStatusCode(int,api.StatusCode)[pri:0, instance:Tests.SpotifyOauth2@14ac77b9]" started-at="2024-08-07T09:18:26 PDT" name="assertStatusCode" finished-at="2024-08-07T09:18:26 PDT" duration-ms="0" status="FAIL">
          <exception class="org.testng.TestNGException">
            <message>
              <![CDATA[
Cannot inject @Test annotated Method [assertStatusCode] with [int, class api.StatusCode].
For more information on native dependency injection please refer to https://testng.org/doc/documentation-main.html#native-dependency-injection]]>
            </message>
            <full-stacktrace>
              <![CDATA[org.testng.TestNGException: 
Cannot inject @Test annotated Method [assertStatusCode] with [int, class api.StatusCode].
For more information on native dependency injection please refer to https://testng.org/doc/documentation-main.html#native-dependency-injection
at org.testng.internal.Parameters.checkParameterTypes(Parameters.java:436)
at org.testng.internal.Parameters.createParametersForMethod(Parameters.java:350)
at org.testng.internal.Parameters.createParameters(Parameters.java:693)
at org.testng.internal.Parameters.handleParameters(Parameters.java:879)
at org.testng.internal.Parameters.handleParameters(Parameters.java:728)
at org.testng.internal.invokers.ParameterHandler.handleParameters(ParameterHandler.java:72)
at org.testng.internal.invokers.ParameterHandler.createParameters(ParameterHandler.java:51)
at org.testng.internal.invokers.TestInvoker$MethodInvocationAgent.invoke(TestInvoker.java:924)
at org.testng.internal.invokers.TestInvoker.invokeTestMethods(TestInvoker.java:194)
at org.testng.internal.invokers.TestMethodWorker.invokeTestMethods(TestMethodWorker.java:148)
at org.testng.internal.invokers.TestMethodWorker.run(TestMethodWorker.java:128)
at java.base/java.util.concurrent.ThreadPoolExecutor.runWorker(ThreadPoolExecutor.java:1136)
at java.base/java.util.concurrent.ThreadPoolExecutor$Worker.run(ThreadPoolExecutor.java:635)
at java.base/java.lang.Thread.run(Thread.java:842)
]]>
            </full-stacktrace>
          </exception> <!-- org.testng.TestNGException -->
          <reporter-output>
          </reporter-output>
        </test-method> <!-- assertStatusCode -->
        <test-method is-config="true" signature="beforeMethod(java.lang.reflect.Method)[pri:0, instance:Tests.SpotifyOauth2@14ac77b9]" started-at="2024-08-07T09:18:26 PDT" name="beforeMethod" finished-at="2024-08-07T09:18:26 PDT" duration-ms="23" status="PASS">
          <params>
            <param index="0">
              <value>
                <![CDATA[public void Tests.SpotifyOauth2.shouldBeAbleToGetAPlaylist()]]>
              </value>
            </param>
          </params>
          <reporter-output>
          </reporter-output>
        </test-method> <!-- beforeMethod -->
        <test-method is-config="true" signature="beforeMethod(java.lang.reflect.Method)[pri:0, instance:Tests.SpotifyOauth2@14ac77b9]" started-at="2024-08-07T09:18:26 PDT" name="beforeMethod" finished-at="2024-08-07T09:18:26 PDT" duration-ms="23" status="PASS">
          <params>
            <param index="0">
              <value>
                <![CDATA[public void Tests.SpotifyOauth2.shouldBeAbleToUpdateAPlaylist()]]>
              </value>
            </param>
          </params>
          <reporter-output>
          </reporter-output>
        </test-method> <!-- beforeMethod -->
        <test-method is-config="true" signature="beforeMethod(java.lang.reflect.Method)[pri:0, instance:Tests.SpotifyOauth2@14ac77b9]" started-at="2024-08-07T09:18:26 PDT" name="beforeMethod" finished-at="2024-08-07T09:18:26 PDT" duration-ms="23" status="PASS">
          <params>
            <param index="0">
              <value>
                <![CDATA[public void Tests.SpotifyOauth2.shouldBeAbleToCreateAPlaylist()]]>
              </value>
            </param>
          </params>
          <reporter-output>
          </reporter-output>
        </test-method> <!-- beforeMethod -->
        <test-method is-config="true" signature="beforeMethod(java.lang.reflect.Method)[pri:0, instance:Tests.SpotifyOauth2@14ac77b9]" started-at="2024-08-07T09:18:26 PDT" name="beforeMethod" finished-at="2024-08-07T09:18:26 PDT" duration-ms="23" status="PASS">
          <params>
            <param index="0">
              <value>
                <![CDATA[public void Tests.SpotifyOauth2.ShouldNotBeAbleTOCreateAPlaylistWithName()]]>
              </value>
            </param>
          </params>
          <reporter-output>
          </reporter-output>
        </test-method> <!-- beforeMethod -->
        <test-method is-config="true" signature="beforeMethod(java.lang.reflect.Method)[pri:0, instance:Tests.SpotifyOauth2@14ac77b9]" started-at="2024-08-07T09:18:26 PDT" name="beforeMethod" finished-at="2024-08-07T09:18:26 PDT" duration-ms="22" status="PASS">
          <params>
            <param index="0">
              <value>
                <![CDATA[public void Tests.SpotifyOauth2.shouldNotBeAbleToCreateAPlayListWith()]]>
              </value>
            </param>
          </params>
          <reporter-output>
          </reporter-output>
        </test-method> <!-- beforeMethod -->
        <test-method signature="ShouldNotBeAbleTOCreateAPlaylistWithName()[pri:0, instance:Tests.SpotifyOauth2@14ac77b9]" started-at="2024-08-07T09:18:26 PDT" name="ShouldNotBeAbleTOCreateAPlaylistWithName" finished-at="2024-08-07T09:18:30 PDT" duration-ms="4112" status="PASS">
          <reporter-output>
          </reporter-output>
        </test-method> <!-- ShouldNotBeAbleTOCreateAPlaylistWithName -->
        <test-method signature="shouldBeAbleToCreateAPlaylist()[pri:0, instance:Tests.SpotifyOauth2@14ac77b9]" started-at="2024-08-07T09:18:26 PDT" name="shouldBeAbleToCreateAPlaylist" description="should be able to create a playlist" finished-at="2024-08-07T09:18:30 PDT" duration-ms="4257" status="PASS">
          <reporter-output>
          </reporter-output>
        </test-method> <!-- shouldBeAbleToCreateAPlaylist -->
        <test-method signature="shouldNotBeAbleToCreateAPlayListWith()[pri:0, instance:Tests.SpotifyOauth2@14ac77b9]" started-at="2024-08-07T09:18:26 PDT" name="shouldNotBeAbleToCreateAPlayListWith" finished-at="2024-08-07T09:18:29 PDT" duration-ms="3163" status="PASS">
          <reporter-output>
          </reporter-output>
        </test-method> <!-- shouldNotBeAbleToCreateAPlayListWith -->
        <test-method signature="shouldBeAbleToUpdateAPlaylist()[pri:0, instance:Tests.SpotifyOauth2@14ac77b9]" started-at="2024-08-07T09:18:26 PDT" name="shouldBeAbleToUpdateAPlaylist" finished-at="2024-08-07T09:18:30 PDT" duration-ms="4198" status="PASS">
          <reporter-output>
          </reporter-output>
        </test-method> <!-- shouldBeAbleToUpdateAPlaylist -->
        <test-method signature="shouldBeAbleToGetAPlaylist()[pri:0, instance:Tests.SpotifyOauth2@14ac77b9]" started-at="2024-08-07T09:18:26 PDT" name="shouldBeAbleToGetAPlaylist" finished-at="2024-08-07T09:18:30 PDT" duration-ms="4181" status="FAIL">
          <exception class="java.lang.AssertionError">
            <message>
              <![CDATA[
Expected: "Playlistrr5_Y  x -"
     but: was "PlaylistY0 kg_T_2d"]]>
            </message>
            <full-stacktrace>
              <![CDATA[java.lang.AssertionError: 
Expected: "Playlistrr5_Y  x -"
     but: was "PlaylistY0 kg_T_2d"
at org.hamcrest.MatcherAssert.assertThat(MatcherAssert.java:20)
at org.hamcrest.MatcherAssert.assertThat(MatcherAssert.java:6)
at Tests.SpotifyOauth2.assertPlayListEqual(SpotifyOauth2.java:69)
at Tests.SpotifyOauth2.shouldBeAbleToGetAPlaylist(SpotifyOauth2.java:113)
at java.base/jdk.internal.reflect.NativeMethodAccessorImpl.invoke0(Native Method)
at java.base/jdk.internal.reflect.NativeMethodAccessorImpl.invoke(NativeMethodAccessorImpl.java:77)
at java.base/jdk.internal.reflect.DelegatingMethodAccessorImpl.invoke(DelegatingMethodAccessorImpl.java:43)
at java.base/java.lang.reflect.Method.invoke(Method.java:568)
at org.testng.internal.invokers.MethodInvocationHelper.invokeMethod(MethodInvocationHelper.java:139)
at org.testng.internal.invokers.TestInvoker.invokeMethod(TestInvoker.java:677)
at org.testng.internal.invokers.TestInvoker.invokeTestMethod(TestInvoker.java:221)
at org.testng.internal.invokers.MethodRunner.runInSequence(MethodRunner.java:50)
at org.testng.internal.invokers.TestInvoker$MethodInvocationAgent.invoke(TestInvoker.java:969)
at org.testng.internal.invokers.TestInvoker.invokeTestMethods(TestInvoker.java:194)
at org.testng.internal.invokers.TestMethodWorker.invokeTestMethods(TestMethodWorker.java:148)
at org.testng.internal.invokers.TestMethodWorker.run(TestMethodWorker.java:128)
at java.base/java.util.concurrent.ThreadPoolExecutor.runWorker(ThreadPoolExecutor.java:1136)
at java.base/java.util.concurrent.ThreadPoolExecutor$Worker.run(ThreadPoolExecutor.java:635)
at java.base/java.lang.Thread.run(Thread.java:842)
]]>
            </full-stacktrace>
          </exception> <!-- java.lang.AssertionError -->
          <reporter-output>
          </reporter-output>
        </test-method> <!-- shouldBeAbleToGetAPlaylist -->
      </class> <!-- Tests.SpotifyOauth2 -->
    </test> <!-- Surefire test -->
  </suite> <!-- Surefire suite -->
</testng-results>
